<?xml version="1.0" encoding="UTF-8"?>
<testsuite xmlns:xsi="http://www.w3.org/2001/XMLSchema-instance" xsi:noNamespaceSchemaLocation="https://maven.apache.org/surefire/maven-surefire-plugin/xsd/surefire-test-report.xsd" name="org.lebo.facegate.AppTest" time="0.015" tests="1" errors="0" skipped="0" failures="0">
  <properties>
    <property name="sun.desktop" value="windows"/>
    <property name="awt.toolkit" value="sun.awt.windows.WToolkit"/>
    <property name="file.encoding.pkg" value="sun.io"/>
    <property name="java.specification.version" value="1.8"/>
    <property name="sun.cpu.isalist" value="pentium_pro+mmx pentium_pro pentium+mmx pentium i486 i386 i86"/>
    <property name="sun.jnu.encoding" value="GBK"/>
    <property name="java.class.path" value="E:\Ideaworkspace\FaceGateApi\target\test-classes;E:\Ideaworkspace\FaceGateApi\target\classes;E:\repository\net\java\dev\jna\jna\4.5.0\jna-4.5.0.jar;E:\repository\net\java\dev\jna\jna-platform\4.5.0\jna-platform-4.5.0.jar;E:\repository\com\google\guava\guava\26.0-jre\guava-26.0-jre.jar;E:\repository\com\google\code\findbugs\jsr305\3.0.2\jsr305-3.0.2.jar;E:\repository\org\checkerframework\checker-qual\2.5.2\checker-qual-2.5.2.jar;E:\repository\com\google\errorprone\error_prone_annotations\2.1.3\error_prone_annotations-2.1.3.jar;E:\repository\com\google\j2objc\j2objc-annotations\1.1\j2objc-annotations-1.1.jar;E:\repository\org\codehaus\mojo\animal-sniffer-annotations\1.14\animal-sniffer-annotations-1.14.jar;E:\repository\com\google\code\gson\gson\2.6\gson-2.6.jar;E:\repository\org\projectlombok\lombok\1.18.4\lombok-1.18.4.jar;E:\repository\junit\junit\4.11\junit-4.11.jar;E:\repository\org\hamcrest\hamcrest-core\1.3\hamcrest-core-1.3.jar;"/>
    <property name="java.vm.vendor" value="Oracle Corporation"/>
    <property name="sun.arch.data.model" value="32"/>
    <property name="user.variant" value=""/>
    <property name="java.vendor.url" value="http://java.oracle.com/"/>
    <property name="user.timezone" value="GMT+08:00"/>
    <property name="java.vm.specification.version" value="1.8"/>
    <property name="os.name" value="Windows 7"/>
    <property name="user.country" value="CN"/>
    <property name="sun.java.launcher" value="SUN_STANDARD"/>
    <property name="sun.boot.library.path" value="C:\Program Files (x86)\Java\jdk1.8.0_191\jre\bin"/>
    <property name="sun.java.command" value="C:\Users\ADMINI~1\AppData\Local\Temp\surefire7371210439009112800\surefirebooter2545641891743640513.jar C:\Users\Administrator\AppData\Local\Temp\surefire7371210439009112800 2019-01-15T16-06-48_887-jvmRun1 surefire7148810822036874204tmp surefire_06083811022049109873tmp"/>
    <property name="surefire.test.class.path" value="E:\Ideaworkspace\FaceGateApi\target\test-classes;E:\Ideaworkspace\FaceGateApi\target\classes;E:\repository\net\java\dev\jna\jna\4.5.0\jna-4.5.0.jar;E:\repository\net\java\dev\jna\jna-platform\4.5.0\jna-platform-4.5.0.jar;E:\repository\com\google\guava\guava\26.0-jre\guava-26.0-jre.jar;E:\repository\com\google\code\findbugs\jsr305\3.0.2\jsr305-3.0.2.jar;E:\repository\org\checkerframework\checker-qual\2.5.2\checker-qual-2.5.2.jar;E:\repository\com\google\errorprone\error_prone_annotations\2.1.3\error_prone_annotations-2.1.3.jar;E:\repository\com\google\j2objc\j2objc-annotations\1.1\j2objc-annotations-1.1.jar;E:\repository\org\codehaus\mojo\animal-sniffer-annotations\1.14\animal-sniffer-annotations-1.14.jar;E:\repository\com\google\code\gson\gson\2.6\gson-2.6.jar;E:\repository\org\projectlombok\lombok\1.18.4\lombok-1.18.4.jar;E:\repository\junit\junit\4.11\junit-4.11.jar;E:\repository\org\hamcrest\hamcrest-core\1.3\hamcrest-core-1.3.jar;"/>
    <property name="sun.cpu.endian" value="little"/>
    <property name="user.home" value="C:\Users\Administrator"/>
    <property name="user.language" value="zh"/>
    <property name="java.specification.vendor" value="Oracle Corporation"/>
    <property name="java.home" value="C:\Program Files (x86)\Java\jdk1.8.0_191\jre"/>
    <property name="basedir" value="E:\Ideaworkspace\FaceGateApi"/>
    <property name="file.separator" value="\"/>
    <property name="line.separator" value="&#10;"/>
    <property name="java.vm.specification.vendor" value="Oracle Corporation"/>
    <property name="java.specification.name" value="Java Platform API Specification"/>
    <property name="java.awt.graphicsenv" value="sun.awt.Win32GraphicsEnvironment"/>
    <property name="surefire.real.class.path" value="C:\Users\ADMINI~1\AppData\Local\Temp\surefire7371210439009112800\surefirebooter2545641891743640513.jar"/>
    <property name="sun.boot.class.path" value="C:\Program Files (x86)\Java\jdk1.8.0_191\jre\lib\resources.jar;C:\Program Files (x86)\Java\jdk1.8.0_191\jre\lib\rt.jar;C:\Program Files (x86)\Java\jdk1.8.0_191\jre\lib\sunrsasign.jar;C:\Program Files (x86)\Java\jdk1.8.0_191\jre\lib\jsse.jar;C:\Program Files (x86)\Java\jdk1.8.0_191\jre\lib\jce.jar;C:\Program Files (x86)\Java\jdk1.8.0_191\jre\lib\charsets.jar;C:\Program Files (x86)\Java\jdk1.8.0_191\jre\lib\jfr.jar;C:\Program Files (x86)\Java\jdk1.8.0_191\jre\classes"/>
    <property name="user.script" value=""/>
    <property name="sun.management.compiler" value="HotSpot Client Compiler"/>
    <property name="java.runtime.version" value="1.8.0_191-b12"/>
    <property name="user.name" value="Administrator"/>
    <property name="path.separator" value=";"/>
    <property name="os.version" value="6.1"/>
    <property name="java.endorsed.dirs" value="C:\Program Files (x86)\Java\jdk1.8.0_191\jre\lib\endorsed"/>
    <property name="java.runtime.name" value="Java(TM) SE Runtime Environment"/>
    <property name="file.encoding" value="GBK"/>
    <property name="java.vm.name" value="Java HotSpot(TM) Client VM"/>
    <property name="localRepository" value="E:\repository"/>
    <property name="java.vendor.url.bug" value="http://bugreport.sun.com/bugreport/"/>
    <property name="java.io.tmpdir" value="C:\Users\ADMINI~1\AppData\Local\Temp\"/>
    <property name="idea.version" value="2018.3.2"/>
    <property name="java.version" value="1.8.0_191"/>
    <property name="user.dir" value="E:\Ideaworkspace\FaceGateApi"/>
    <property name="os.arch" value="x86"/>
    <property name="java.vm.specification.name" value="Java Virtual Machine Specification"/>
    <property name="java.awt.printerjob" value="sun.awt.windows.WPrinterJob"/>
    <property name="sun.os.patch.level" value="Service Pack 1"/>
    <property name="java.library.path" value="C:\Program Files (x86)\Java\jdk1.8.0_191\jre\bin;C:\Windows\Sun\Java\bin;C:\Windows\system32;C:\Windows;C:\Program Files (x86)\Common Files\Oracle\Java\javapath;C:\ProgramData\Oracle\Java\javapath;C:\Windows\system32;C:\Windows;C:\Windows\System32\Wbem;C:\Windows\System32\WindowsPowerShell\v1.0\;D:/sofeware/myeyeserver/mysql5\bin;C:\Windows\system32\config\systemprofile\.dnx\bin;C:\Program Files\Microsoft DNX\Dnvm\;D:\sofeware\Git\cmd;C:\Program Files\Microsoft SQL Server\130\Tools\Binn\;C:\Program Files\Microsoft SQL Server\120\Tools\Binn\;E:\ffmpeg\bin;C:\Program Files (x86)\Java\jdk1.7.0_15\bin;E:\apache-maven-3.5.0\bin;E:\scala-2.11.4\bin;D:\sofeware\wkhtmltopdf\bin;C:\Users\Administrator\AppData\Roaming\npm;D:/sofeware/myeyeserver/mysql5\bin;D:\sofeware\opencv\opencv34\opencv\build\x64\vc15\bin;E:\VBWorkSpace\ET199_SDK_LINUX;D:\sofeware\cmake\bin;C:\cuda\bin;C:\python3;C:\python3\Scripts\;E:\anaconda\Scripts;E:\nodejs\;D:\sofeware\matlab\install\bin\win32;D:\sofeware\qt\5.10.0\mingw53_32\bin;D:\sofeware\qt\5.10.0\mingw53_32\lib;D:\sofeware\qt\Tools\mingw530_32\bin;D:\sofeware\mtr2015b\v90\runtime\win64;D:\sofeware\visual studio\VC\bin;C:\MinGW\msys\1.0\bin;C:\Program Files\Common Files\Autodesk Shared\;C:\Program Files (x86)\Google\Chrome\Application;E:\phantomjs-2.1.1\bin;C:\Program Files (x86)\Tesseract-OCR\;E:\gradle-4.10.2\bin;C:\Go\bin;E:\git\c++\mtcnn_person\3rd_dll;D:\sofeware\swigwin-3.0.12\swig.exe;C:\Program Files (x86)\Microsoft SQL Server\90\Tools\binn\;E:\pythonspace\protoc-3.4.0-win32\bin;C:\Program Files (x86)\scala\bin;C:\Users\Administrator\.cargo\bin;D:\sofeware\cmake\bin;D:\sofeware\opencv\opencv34\opencv\build\x64\vc15\bin;D:\sofeware\opencv\opencv34\opencv\build\java\x64;e:/babun\.babun;C:\Users\Administrator\AppData\Roaming\npm;D:\sofeware\Fiddler;C:\Users\Administrator\go\bin;D:\sofeware\Microsoft VS Code\bin;E:\jTessBoxEditor\tesseract-ocr;E:\anaconda\envs\py3.6\Scripts;E:\git\opencv\build34\install\x64\vc15\bin;;."/>
    <property name="java.vm.info" value="mixed mode"/>
    <property name="java.vendor" value="Oracle Corporation"/>
    <property name="java.vm.version" value="25.191-b12"/>
    <property name="java.ext.dirs" value="C:\Program Files (x86)\Java\jdk1.8.0_191\jre\lib\ext;C:\Windows\Sun\Java\lib\ext"/>
    <property name="sun.io.unicode.encoding" value="UnicodeLittle"/>
    <property name="java.class.version" value="52.0"/>
  </properties>
  <testcase name="shouldAnswerWithTrue" classname="org.lebo.facegate.AppTest" time="0.001"/>
</testsuite>